2025-05-22 00:04:39.792 [main] INFO  c.e.p.ProductServiceSpringApplication - [] Starting ProductServiceSpringApplication using Java 17.0.12 with PID 31788 (C:\Users\deepi\Downloads\productServiceSpring\productServiceSpring\target\classes started by deepi in C:\Users\deepi\Downloads\productServiceSpring\productServiceSpring)
2025-05-22 00:04:39.797 [main] INFO  c.e.p.ProductServiceSpringApplication - [] No active profile set, falling back to 1 default profile: "default"
2025-05-22 00:04:40.492 [main] INFO  o.s.d.r.c.RepositoryConfigurationDelegate - [] Bootstrapping Spring Data JPA repositories in DEFAULT mode.
2025-05-22 00:04:40.568 [main] INFO  o.s.d.r.c.RepositoryConfigurationDelegate - [] Finished Spring Data repository scanning in 63 ms. Found 1 JPA repository interface.
2025-05-22 00:04:41.172 [main] INFO  o.s.b.w.e.tomcat.TomcatWebServer - [] Tomcat initialized with port 8080 (http)
2025-05-22 00:04:41.187 [main] INFO  o.a.catalina.core.StandardService - [] Starting service [Tomcat]
2025-05-22 00:04:41.187 [main] INFO  o.a.catalina.core.StandardEngine - [] Starting Servlet engine: [Apache Tomcat/10.1.40]
2025-05-22 00:04:41.241 [main] INFO  o.a.c.c.C.[Tomcat].[localhost].[/] - [] Initializing Spring embedded WebApplicationContext
2025-05-22 00:04:41.242 [main] INFO  o.s.b.w.s.c.ServletWebServerApplicationContext - [] Root WebApplicationContext: initialization completed in 1393 ms
2025-05-22 00:04:41.437 [main] INFO  o.h.jpa.internal.util.LogHelper - [] HHH000204: Processing PersistenceUnitInfo [name: default]
2025-05-22 00:04:41.536 [main] INFO  org.hibernate.Version - [] HHH000412: Hibernate ORM core version 6.6.13.Final
2025-05-22 00:04:41.603 [main] INFO  o.h.c.i.RegionFactoryInitiator - [] HHH000026: Second-level cache disabled
2025-05-22 00:04:42.021 [main] INFO  o.s.o.j.p.SpringPersistenceUnitInfo - [] No LoadTimeWeaver setup: ignoring JPA class transformer
2025-05-22 00:04:42.070 [main] INFO  com.zaxxer.hikari.HikariDataSource - [] HikariPool-1 - Starting...
2025-05-22 00:04:42.552 [main] INFO  com.zaxxer.hikari.pool.HikariPool - [] HikariPool-1 - Added connection com.mysql.cj.jdbc.ConnectionImpl@72001c71
2025-05-22 00:04:42.554 [main] INFO  com.zaxxer.hikari.HikariDataSource - [] HikariPool-1 - Start completed.
2025-05-22 00:04:42.685 [main] INFO  o.hibernate.orm.connections.pooling - [] HHH10001005: Database info:
	Database JDBC URL [Connecting through datasource 'HikariDataSource (HikariPool-1)']
	Database driver: undefined/unknown
	Database version: 8.0.42
	Autocommit mode: undefined/unknown
	Isolation level: undefined/unknown
	Minimum pool size: undefined/unknown
	Maximum pool size: undefined/unknown
2025-05-22 00:04:42.693 [main] DEBUG o.h.t.d.sql.spi.DdlTypeRegistry - [] addDescriptor(12, org.hibernate.type.descriptor.sql.internal.CapacityDependentDdlType@241d1052) replaced previous registration(org.hibernate.type.descriptor.sql.internal.CapacityDependentDdlType@7b3c0ecb)
2025-05-22 00:04:42.694 [main] DEBUG o.h.t.d.sql.spi.DdlTypeRegistry - [] addDescriptor(-9, org.hibernate.type.descriptor.sql.internal.CapacityDependentDdlType@5bb99d1d) replaced previous registration(org.hibernate.type.descriptor.sql.internal.CapacityDependentDdlType@3006bfb)
2025-05-22 00:04:42.694 [main] DEBUG o.h.t.d.sql.spi.DdlTypeRegistry - [] addDescriptor(-3, org.hibernate.type.descriptor.sql.internal.CapacityDependentDdlType@4fd37449) replaced previous registration(org.hibernate.type.descriptor.sql.internal.CapacityDependentDdlType@5402612e)
2025-05-22 00:04:42.694 [main] DEBUG o.h.t.d.sql.spi.DdlTypeRegistry - [] addDescriptor(4003, org.hibernate.type.descriptor.sql.internal.DdlTypeImpl@43445fc6) replaced previous registration(org.hibernate.type.descriptor.sql.internal.DdlTypeImpl@431babe6)
2025-05-22 00:04:42.694 [main] DEBUG o.h.t.d.sql.spi.DdlTypeRegistry - [] addDescriptor(4001, org.hibernate.type.descriptor.sql.internal.DdlTypeImpl@17befef0) replaced previous registration(org.hibernate.type.descriptor.sql.internal.DdlTypeImpl@5072e638)
2025-05-22 00:04:42.694 [main] DEBUG o.h.t.d.sql.spi.DdlTypeRegistry - [] addDescriptor(4002, org.hibernate.type.descriptor.sql.internal.DdlTypeImpl@3129299f) replaced previous registration(org.hibernate.type.descriptor.sql.internal.DdlTypeImpl@2f73f0c7)
2025-05-22 00:04:42.695 [main] DEBUG o.h.t.d.sql.spi.DdlTypeRegistry - [] addDescriptor(2004, org.hibernate.type.descriptor.sql.internal.CapacityDependentDdlType@4fdac2a7) replaced previous registration(org.hibernate.type.descriptor.sql.internal.DdlTypeImpl@8debe42)
2025-05-22 00:04:42.695 [main] DEBUG o.h.t.d.sql.spi.DdlTypeRegistry - [] addDescriptor(2005, org.hibernate.type.descriptor.sql.internal.CapacityDependentDdlType@70c31b17) replaced previous registration(org.hibernate.type.descriptor.sql.internal.DdlTypeImpl@40863800)
2025-05-22 00:04:42.695 [main] DEBUG o.h.t.d.sql.spi.DdlTypeRegistry - [] addDescriptor(2011, org.hibernate.type.descriptor.sql.internal.CapacityDependentDdlType@5950054d) replaced previous registration(org.hibernate.type.descriptor.sql.internal.DdlTypeImpl@24018c8b)
2025-05-22 00:04:43.651 [main] INFO  o.h.e.t.j.p.i.JtaPlatformInitiator - [] HHH000489: No JTA platform available (set 'hibernate.transaction.jta.platform' to enable JTA platform integration)
2025-05-22 00:04:43.766 [main] INFO  o.s.o.j.LocalContainerEntityManagerFactoryBean - [] Initialized JPA EntityManagerFactory for persistence unit 'default'
2025-05-22 00:04:44.070 [main] WARN  o.s.b.a.o.j.JpaBaseConfiguration$JpaWebConfiguration - [] spring.jpa.open-in-view is enabled by default. Therefore, database queries may be performed during view rendering. Explicitly configure spring.jpa.open-in-view to disable this warning
2025-05-22 00:04:44.342 [main] WARN  o.s.b.a.t.ThymeleafAutoConfiguration$DefaultTemplateResolverConfiguration - [] Cannot find template location: classpath:/templates/ (please add some templates, check your Thymeleaf configuration, or set spring.thymeleaf.check-template-location=false)
2025-05-22 00:04:44.495 [main] INFO  o.s.b.w.e.tomcat.TomcatWebServer - [] Tomcat started on port 8080 (http) with context path '/'
2025-05-22 00:04:44.506 [main] INFO  c.e.p.ProductServiceSpringApplication - [] Started ProductServiceSpringApplication in 5.161 seconds (process running for 5.758)
2025-05-22 00:05:07.833 [http-nio-8080-exec-1] INFO  o.a.c.c.C.[Tomcat].[localhost].[/] - [] Initializing Spring DispatcherServlet 'dispatcherServlet'
2025-05-22 00:05:07.833 [http-nio-8080-exec-1] INFO  o.s.web.servlet.DispatcherServlet - [] Initializing Servlet 'dispatcherServlet'
2025-05-22 00:05:07.834 [http-nio-8080-exec-1] INFO  o.s.web.servlet.DispatcherServlet - [] Completed initialization in 0 ms
2025-05-22 00:05:07.877 [http-nio-8080-exec-1] INFO  c.e.p.controller.ProductController - [862b8c0f-f946-4773-ad1f-4c4dd8804502] Fetching all products
2025-05-22 00:05:07.877 [http-nio-8080-exec-1] INFO  c.e.p.service.ProductServiceImp - [862b8c0f-f946-4773-ad1f-4c4dd8804502] Fetching all products
2025-05-22 00:05:08.040 [http-nio-8080-exec-1] DEBUG org.hibernate.SQL - [862b8c0f-f946-4773-ad1f-4c4dd8804502] select p1_0.product_id,p1_0.name,p1_0.price,p1_0.tax_percent from products p1_0
